#
# There is insufficient memory for the Java Runtime Environment to continue.
# Native memory allocation (malloc) failed to allocate 1059216 bytes for Chunk::new
# Possible reasons:
#   The system is out of physical RAM or swap space
#   The process is running with CompressedOops enabled, and the Java Heap may be blocking the growth of the native heap
# Possible solutions:
#   Reduce memory load on the system
#   Increase physical memory or swap space
#   Check if swap backing store is full
#   Decrease Java heap size (-Xmx/-Xms)
#   Decrease number of Java threads
#   Decrease Java thread stack sizes (-Xss)
#   Set larger code cache with -XX:ReservedCodeCacheSize=
#   JVM is running with Unscaled Compressed Oops mode in which the Java heap is
#     placed in the first 4GB address space. The Java Heap base address is the
#     maximum limit for the native heap growth. Please use -XX:HeapBaseMinAddress
#     to set the Java Heap base and to place the Java Heap above 4GB virtual address.
# This output file may be truncated or incomplete.
#
#  Out of Memory Error (allocation.cpp:389), pid=208972, tid=0x000000000001d778
#
# JRE version: OpenJDK Runtime Environment (8.0_202-b03) (build 1.8.0_202-release-1483-b03)
# Java VM: OpenJDK 64-Bit Server VM (25.202-b03 mixed mode windows-amd64 compressed oops)
# Failed to write core dump. Minidumps are not enabled by default on client versions of Windows
#

---------------  T H R E A D  ---------------

Current thread (0x000000000273b000):  JavaThread "C2 CompilerThread1" daemon [_thread_in_native, id=120696, stack(0x0000000017c10000,0x0000000017d10000)]

Stack: [0x0000000017c10000,0x0000000017d10000]
[error occurred during error reporting (printing stack bounds), id 0xc0000005]

Native frames: (J=compiled Java code, j=interpreted, Vv=VM code, C=native code)


Current CompileTask:
C2:3664480 23735   !   4       java.io.ObjectInputStream::readObject0 (566 bytes)


---------------  P R O C E S S  ---------------

Java Threads: ( => current thread )
  0x000000001e915000 JavaThread "WorkerExecutor Queue Thread 4" [_thread_blocked, id=217156, stack(0x0000000026a50000,0x0000000026b50000)]
  0x000000001e916800 JavaThread "WorkerExecutor Queue Thread 3" [_thread_blocked, id=45976, stack(0x0000000026950000,0x0000000026a50000)]
  0x000000001e913800 JavaThread "Cache worker for Java compile cache (C:\Users\Yungts\Desktop\CookingGame\.gradle\5.4.1\javaCompile)" [_thread_blocked, id=176420, stack(0x0000000026850000,0x0000000026950000)]
  0x000000001e90f000 JavaThread "WorkerExecutor Queue Thread 2" [_thread_in_Java, id=193636, stack(0x0000000026750000,0x0000000026850000)]
  0x000000001e912000 JavaThread "stdout" [_thread_in_native, id=107596, stack(0x0000000026450000,0x0000000026550000)]
  0x000000001e90b800 JavaThread "stderr" [_thread_in_native, id=119736, stack(0x0000000025f90000,0x0000000026090000)]
  0x000000001e909000 JavaThread "pool-25-thread-1" [_thread_blocked, id=124736, stack(0x0000000025e90000,0x0000000025f90000)]
  0x000000001e90a000 JavaThread "WorkerExecutor Queue" [_thread_in_native, id=154888, stack(0x0000000025d90000,0x0000000025e90000)]
  0x000000001e908800 JavaThread "Cache worker for execution history cache (C:\Users\Yungts\Desktop\CookingGame\.gradle\5.4.1\executionHistory)" [_thread_blocked, id=220016, stack(0x0000000026090000,0x0000000026190000)]
  0x000000001e90d800 JavaThread "Execution worker for ':' Thread 3" [_thread_blocked, id=157280, stack(0x0000000025c90000,0x0000000025d90000)]
  0x000000001e90d000 JavaThread "Execution worker for ':' Thread 2" [_thread_blocked, id=14220, stack(0x0000000025790000,0x0000000025890000)]
  0x000000001e90c000 JavaThread "Execution worker for ':'" [_thread_blocked, id=159640, stack(0x0000000025690000,0x0000000025790000)]
  0x000000001e907800 JavaThread "Cache worker for file content cache (C:\Users\Yungts\Desktop\CookingGame\.gradle\5.4.1\fileContent)" [_thread_blocked, id=156548, stack(0x0000000024780000,0x0000000024880000)]
  0x000000001e81b800 JavaThread "Cache worker for Build Output Cleanup Cache (C:\Users\Yungts\Desktop\CookingGame\.gradle\buildOutputCleanup)" [_thread_blocked, id=65780, stack(0x0000000023950000,0x0000000023a50000)]
  0x000000001e81a800 JavaThread "pool-24-thread-1" [_thread_blocked, id=113176, stack(0x0000000021a10000,0x0000000021b10000)]
  0x000000001e81d800 JavaThread "Build operations Thread 4" [_thread_blocked, id=214992, stack(0x0000000021910000,0x0000000021a10000)]
  0x000000001e81a000 JavaThread "Build operations Thread 3" [_thread_blocked, id=201512, stack(0x0000000021410000,0x0000000021510000)]
  0x000000001e819000 JavaThread "Build operations Thread 2" [_thread_blocked, id=90788, stack(0x0000000021310000,0x0000000021410000)]
  0x000000001e81c000 JavaThread "Build operations" [_thread_blocked, id=16176, stack(0x0000000021210000,0x0000000021310000)]
  0x000000001e818800 JavaThread "Cache worker for cache directory md-rule (C:\Users\Yungts\.gradle\caches\5.4.1\md-rule)" [_thread_blocked, id=29180, stack(0x0000000020c90000,0x0000000020d90000)]
  0x000000001e81d000 JavaThread "Cache worker for cache directory md-supplier (C:\Users\Yungts\.gradle\caches\5.4.1\md-supplier)" [_thread_blocked, id=102908, stack(0x0000000020890000,0x0000000020990000)]
  0x000000001e810000 JavaThread "Cache worker for file hash cache (C:\Users\Yungts\Desktop\CookingGame\.gradle\5.4.1\fileHashes)" [_thread_blocked, id=89408, stack(0x000000001f7c0000,0x000000001f8c0000)]
  0x000000001e817000 JavaThread "Thread-281" [_thread_blocked, id=126084, stack(0x000000001e490000,0x000000001e590000)]
  0x000000001e814000 JavaThread "Stdin handler" [_thread_blocked, id=56348, stack(0x000000001a620000,0x000000001a720000)]
  0x000000001e816000 JavaThread "Asynchronous log dispatcher for DefaultDaemonConnection: socket connection from /127.0.0.1:53510 to /127.0.0.1:54628" [_thread_blocked, id=117256, stack(0x0000000019f20000,0x000000001a020000)]
  0x000000001e814800 JavaThread "Daemon worker Thread 11" [_thread_blocked, id=99648, stack(0x0000000019e20000,0x0000000019f20000)]
  0x000000001e813000 JavaThread "Cancel handler" [_thread_blocked, id=6676, stack(0x00000000020e0000,0x00000000021e0000)]
  0x000000001e812800 JavaThread "Handler for socket connection from /127.0.0.1:53510 to /127.0.0.1:54628" [_thread_in_native, id=54164, stack(0x00000000006f0000,0x00000000007f0000)]
  0x000000001e811000 JavaThread "Daemon Thread 11" [_thread_blocked, id=82340, stack(0x00000000005d0000,0x00000000006d0000)]
  0x000000001c039800 JavaThread "Cache worker for Java compile cache (C:\Users\Yungts\.gradle\caches\5.4.1\javaCompile)" [_thread_blocked, id=46152, stack(0x0000000024ce0000,0x0000000024de0000)]
  0x000000001c044000 JavaThread "Cache worker for file content cache (C:\Users\Yungts\.gradle\caches\5.4.1\fileContent)" [_thread_blocked, id=164692, stack(0x0000000023e80000,0x0000000023f80000)]
  0x000000001c03e800 JavaThread "Memory manager" [_thread_blocked, id=153604, stack(0x0000000023650000,0x0000000023750000)]
  0x000000001c036800 JavaThread "Cache worker for execution history cache (C:\Users\Yungts\.gradle\caches\5.4.1\executionHistory)" [_thread_blocked, id=107112, stack(0x0000000020b90000,0x0000000020c90000)]
  0x00000000181fe800 JavaThread "Cache worker for journal cache (C:\Users\Yungts\.gradle\caches\journal-1)" [_thread_blocked, id=18748, stack(0x000000001a920000,0x000000001aa20000)]
  0x00000000181fd000 JavaThread "File lock request listener" [_thread_in_native, id=83480, stack(0x000000001a820000,0x000000001a920000)]
  0x0000000018200800 JavaThread "Cache worker for file hash cache (C:\Users\Yungts\.gradle\caches\5.4.1\fileHashes)" [_thread_blocked, id=96028, stack(0x000000001a720000,0x000000001a820000)]
  0x000000001935e800 JavaThread "Daemon periodic checks" [_thread_blocked, id=162700, stack(0x0000000019d20000,0x0000000019e20000)]
  0x0000000019365800 JavaThread "Incoming local TCP Connector on port 53510" [_thread_in_native, id=57168, stack(0x0000000019ae0000,0x0000000019be0000)]
  0x00000000190bf000 JavaThread "Daemon health stats" [_thread_blocked, id=139552, stack(0x00000000197e0000,0x00000000198e0000)]
  0x000000001757c800 JavaThread "Service Thread" daemon [_thread_blocked, id=123776, stack(0x0000000017e10000,0x0000000017f10000)]
  0x000000001756f000 JavaThread "C1 CompilerThread2" daemon [_thread_blocked, id=202400, stack(0x0000000017d10000,0x0000000017e10000)]
=>0x000000000273b000 JavaThread "C2 CompilerThread1" daemon [_thread_in_native, id=120696, stack(0x0000000017c10000,0x0000000017d10000)]
  0x000000001610e000 JavaThread "C2 CompilerThread0" daemon [_thread_blocked, id=43480, stack(0x0000000017b10000,0x0000000017c10000)]
  0x000000001610d800 JavaThread "Attach Listener" daemon [_thread_blocked, id=39464, stack(0x0000000017a10000,0x0000000017b10000)]
  0x00000000160ac800 JavaThread "Signal Dispatcher" daemon [_thread_blocked, id=49296, stack(0x0000000017910000,0x0000000017a10000)]
  0x0000000002735800 JavaThread "Finalizer" daemon [_thread_blocked, id=93500, stack(0x0000000017310000,0x0000000017410000)]
  0x0000000016099000 JavaThread "Reference Handler" daemon [_thread_blocked, id=126448, stack(0x0000000017210000,0x0000000017310000)]
  0x0000000002642800 JavaThread "main" [_thread_blocked, id=95660, stack(0x0000000002540000,0x0000000002640000)]

Other Threads:
  0x0000000016076800 VMThread [stack: 0x0000000017110000,0x0000000017210000] [id=123020]
  0x000000001757d000 WatcherThread [stack: 0x0000000017f10000,0x0000000018010000] [id=67076]

VM state:not at safepoint (normal execution)

VM Mutex/Monitor currently owned by a thread: None

heap address: 0x00000000a0000000, size: 1536 MB, Compressed Oops mode: 32-bit
Narrow klass base: 0x0000000000000000, Narrow klass shift: 3
Compressed class space size: 1073741824 Address: 0x0000000100000000

Heap:
 PSYoungGen      total 316416K, used 192094K [0x00000000e0000000, 0x00000000f8d80000, 0x0000000100000000)
  eden space 231936K, 73% used [0x00000000e0000000,0x00000000ea76c128,0x00000000ee280000)
  from space 84480K, 24% used [0x00000000f3b00000,0x00000000f4f2ba98,0x00000000f8d80000)
  to   space 87552K, 0% used [0x00000000ee280000,0x00000000ee280000,0x00000000f3800000)
 ParOldGen       total 252416K, used 51310K [0x00000000a0000000, 0x00000000af680000, 0x00000000e0000000)
  object space 252416K, 20% used [0x00000000a0000000,0x00000000a321ba70,0x00000000af680000)
 Metaspace       used 95175K, capacity 100284K, committed 100568K, reserved 1136640K
  class space    used 12114K, capacity 13026K, committed 13056K, reserved 1048576K

Card table byte_map: [0x0000000011b00000,0x0000000011e10000] byte_map_base: 0x0000000011600000

Marking Bits: (ParMarkBitMap*) 0x0000000069f89f30
 Begin Bits: [0x0000000012410000, 0x0000000013c10000)
 End Bits:   [0x0000000013c10000, 0x0000000015410000)

Polling page: 0x0000000000840000

CodeCache: size=245760Kb used=65427Kb max_used=65427Kb free=180332Kb
 bounds [0x0000000002740000, 0x0000000006790000, 0x0000000011740000]
 total_blobs=18903 nmethods=18015 adapters=798
 compilation: enabled

Compilation events (10 events):
Event: 3664.334 Thread 0x000000001610e000 nmethod 23737 0x0000000003cabfd0 code [0x0000000003cac120, 0x0000000003cac188]
Event: 3664.337 Thread 0x000000001610e000 23738       4       java.nio.file.Files$$Lambda$409/1796811783::apply (8 bytes)
Event: 3664.338 Thread 0x000000001610e000 nmethod 23738 0x0000000006730f90 code [0x00000000067310e0, 0x0000000006731178]
Event: 3664.377 Thread 0x000000001756f000 23739       3       java.util.function.Predicate$$Lambda$404/857721869::test (13 bytes)
Event: 3664.378 Thread 0x000000001756f000 nmethod 23739 0x0000000006749490 code [0x0000000006749620, 0x0000000006749a18]
Event: 3664.378 Thread 0x000000001756f000 23740       3       java.util.function.Predicate::lambda$and$0 (26 bytes)
Event: 3664.378 Thread 0x000000001756f000 nmethod 23740 0x000000000673d290 code [0x000000000673d400, 0x000000000673d778]
Event: 3664.436 Thread 0x000000001756f000 23741       3       com.android.tools.r8.t.a.a.f::a (4166 bytes)
Event: 3664.472 Thread 0x000000001610e000 23742       4       com.android.tools.r8.m.a.a.b.d0$a::a (8 bytes)
Event: 3664.477 Thread 0x000000001610e000 nmethod 23742 0x0000000006731e10 code [0x0000000006731f60, 0x00000000067322a8]

GC Heap History (10 events):
Event: 3356.981 GC heap before
{Heap before GC invocations=28 (full 3):
 PSYoungGen      total 301056K, used 289148K [0x00000000e0000000, 0x00000000f7280000, 0x0000000100000000)
  eden space 239104K, 100% used [0x00000000e0000000,0x00000000ee980000,0x00000000ee980000)
  from space 61952K, 80% used [0x00000000f2c80000,0x00000000f5d5f008,0x00000000f6900000)
  to   space 68608K, 0% used [0x00000000ee980000,0x00000000ee980000,0x00000000f2c80000)
 ParOldGen       total 167936K, used 122265K [0x00000000a0000000, 0x00000000aa400000, 0x00000000e0000000)
  object space 167936K, 72% used [0x00000000a0000000,0x00000000a7766760,0x00000000aa400000)
 Metaspace       used 88575K, capacity 93162K, committed 93400K, reserved 1130496K
  class space    used 11359K, capacity 12207K, committed 12288K, reserved 1048576K
Event: 3357.045 GC heap after
Heap after GC invocations=28 (full 3):
 PSYoungGen      total 265728K, used 34144K [0x00000000e0000000, 0x00000000f6600000, 0x0000000100000000)
  eden space 231424K, 0% used [0x00000000e0000000,0x00000000e0000000,0x00000000ee200000)
  from space 34304K, 99% used [0x00000000ee980000,0x00000000f0ad8050,0x00000000f0b00000)
  to   space 67584K, 0% used [0x00000000f2400000,0x00000000f2400000,0x00000000f6600000)
 ParOldGen       total 167936K, used 122273K [0x00000000a0000000, 0x00000000aa400000, 0x00000000e0000000)
  object space 167936K, 72% used [0x00000000a0000000,0x00000000a7768760,0x00000000aa400000)
 Metaspace       used 88575K, capacity 93162K, committed 93400K, reserved 1130496K
  class space    used 11359K, capacity 12207K, committed 12288K, reserved 1048576K
}
Event: 3359.540 GC heap before
{Heap before GC invocations=29 (full 3):
 PSYoungGen      total 265728K, used 265568K [0x00000000e0000000, 0x00000000f6600000, 0x0000000100000000)
  eden space 231424K, 100% used [0x00000000e0000000,0x00000000ee200000,0x00000000ee200000)
  from space 34304K, 99% used [0x00000000ee980000,0x00000000f0ad8050,0x00000000f0b00000)
  to   space 67584K, 0% used [0x00000000f2400000,0x00000000f2400000,0x00000000f6600000)
 ParOldGen       total 167936K, used 122273K [0x00000000a0000000, 0x00000000aa400000, 0x00000000e0000000)
  object space 167936K, 72% used [0x00000000a0000000,0x00000000a7768760,0x00000000aa400000)
 Metaspace       used 88654K, capacity 93238K, committed 93400K, reserved 1130496K
  class space    used 11359K, capacity 12207K, committed 12288K, reserved 1048576K
Event: 3359.646 GC heap after
Heap after GC invocations=29 (full 3):
 PSYoungGen      total 280064K, used 67552K [0x00000000e0000000, 0x00000000fa380000, 0x0000000100000000)
  eden space 212480K, 0% used [0x00000000e0000000,0x00000000e0000000,0x00000000ecf80000)
  from space 67584K, 99% used [0x00000000f2400000,0x00000000f65f81f8,0x00000000f6600000)
  to   space 86528K, 0% used [0x00000000ecf80000,0x00000000ecf80000,0x00000000f2400000)
 ParOldGen       total 167936K, used 142284K [0x00000000a0000000, 0x00000000aa400000, 0x00000000e0000000)
  object space 167936K, 84% used [0x00000000a0000000,0x00000000a8af3378,0x00000000aa400000)
 Metaspace       used 88654K, capacity 93238K, committed 93400K, reserved 1130496K
  class space    used 11359K, capacity 12207K, committed 12288K, reserved 1048576K
}
Event: 3505.425 GC heap before
{Heap before GC invocations=30 (full 3):
 PSYoungGen      total 280064K, used 221036K [0x00000000e0000000, 0x00000000fa380000, 0x0000000100000000)
  eden space 212480K, 72% used [0x00000000e0000000,0x00000000e95e2f98,0x00000000ecf80000)
  from space 67584K, 99% used [0x00000000f2400000,0x00000000f65f81f8,0x00000000f6600000)
  to   space 86528K, 0% used [0x00000000ecf80000,0x00000000ecf80000,0x00000000f2400000)
 ParOldGen       total 167936K, used 142284K [0x00000000a0000000, 0x00000000aa400000, 0x00000000e0000000)
  object space 167936K, 84% used [0x00000000a0000000,0x00000000a8af3378,0x00000000aa400000)
 Metaspace       used 93131K, capacity 98198K, committed 98280K, reserved 1134592K
  class space    used 11925K, capacity 12875K, committed 12928K, reserved 1048576K
Event: 3505.536 GC heap after
Heap after GC invocations=30 (full 3):
 PSYoungGen      total 299008K, used 58354K [0x00000000e0000000, 0x00000000f9380000, 0x0000000100000000)
  eden space 212480K, 0% used [0x00000000e0000000,0x00000000e0000000,0x00000000ecf80000)
  from space 86528K, 67% used [0x00000000ecf80000,0x00000000f087c888,0x00000000f2400000)
  to   space 90624K, 0% used [0x00000000f3b00000,0x00000000f3b00000,0x00000000f9380000)
 ParOldGen       total 167936K, used 142536K [0x00000000a0000000, 0x00000000aa400000, 0x00000000e0000000)
  object space 167936K, 84% used [0x00000000a0000000,0x00000000a8b323a0,0x00000000aa400000)
 Metaspace       used 93131K, capacity 98198K, committed 98280K, reserved 1134592K
  class space    used 11925K, capacity 12875K, committed 12928K, reserved 1048576K
}
Event: 3505.536 GC heap before
{Heap before GC invocations=31 (full 4):
 PSYoungGen      total 299008K, used 58354K [0x00000000e0000000, 0x00000000f9380000, 0x0000000100000000)
  eden space 212480K, 0% used [0x00000000e0000000,0x00000000e0000000,0x00000000ecf80000)
  from space 86528K, 67% used [0x00000000ecf80000,0x00000000f087c888,0x00000000f2400000)
  to   space 90624K, 0% used [0x00000000f3b00000,0x00000000f3b00000,0x00000000f9380000)
 ParOldGen       total 167936K, used 142536K [0x00000000a0000000, 0x00000000aa400000, 0x00000000e0000000)
  object space 167936K, 84% used [0x00000000a0000000,0x00000000a8b323a0,0x00000000aa400000)
 Metaspace       used 93131K, capacity 98198K, committed 98280K, reserved 1134592K
  class space    used 11925K, capacity 12875K, committed 12928K, reserved 1048576K
Event: 3505.894 GC heap after
Heap after GC invocations=31 (full 4):
 PSYoungGen      total 299008K, used 0K [0x00000000e0000000, 0x00000000f9380000, 0x0000000100000000)
  eden space 212480K, 0% used [0x00000000e0000000,0x00000000e0000000,0x00000000ecf80000)
  from space 86528K, 0% used [0x00000000ecf80000,0x00000000ecf80000,0x00000000f2400000)
  to   space 90624K, 0% used [0x00000000f3b00000,0x00000000f3b00000,0x00000000f9380000)
 ParOldGen       total 252416K, used 51302K [0x00000000a0000000, 0x00000000af680000, 0x00000000e0000000)
  object space 252416K, 20% used [0x00000000a0000000,0x00000000a3219a70,0x00000000af680000)
 Metaspace       used 92902K, capacity 97696K, committed 98280K, reserved 1134592K
  class space    used 11869K, capacity 12776K, committed 12928K, reserved 1048576K
}
Event: 3656.558 GC heap before
{Heap before GC invocations=32 (full 4):
 PSYoungGen      total 299008K, used 212480K [0x00000000e0000000, 0x00000000f9380000, 0x0000000100000000)
  eden space 212480K, 100% used [0x00000000e0000000,0x00000000ecf80000,0x00000000ecf80000)
  from space 86528K, 0% used [0x00000000ecf80000,0x00000000ecf80000,0x00000000f2400000)
  to   space 90624K, 0% used [0x00000000f3b00000,0x00000000f3b00000,0x00000000f9380000)
 ParOldGen       total 252416K, used 51302K [0x00000000a0000000, 0x00000000af680000, 0x00000000e0000000)
  object space 252416K, 20% used [0x00000000a0000000,0x00000000a3219a70,0x00000000af680000)
 Metaspace       used 94971K, capacity 100020K, committed 100056K, reserved 1136640K
  class space    used 12113K, capacity 13026K, committed 13056K, reserved 1048576K
Event: 3656.592 GC heap after
Heap after GC invocations=32 (full 4):
 PSYoungGen      total 316416K, used 20654K [0x00000000e0000000, 0x00000000f8d80000, 0x0000000100000000)
  eden space 231936K, 0% used [0x00000000e0000000,0x00000000e0000000,0x00000000ee280000)
  from space 84480K, 24% used [0x00000000f3b00000,0x00000000f4f2ba98,0x00000000f8d80000)
  to   space 87552K, 0% used [0x00000000ee280000,0x00000000ee280000,0x00000000f3800000)
 ParOldGen       total 252416K, used 51310K [0x00000000a0000000, 0x00000000af680000, 0x00000000e0000000)
  object space 252416K, 20% used [0x00000000a0000000,0x00000000a321ba70,0x00000000af680000)
 Metaspace       used 94971K, capacity 100020K, committed 100056K, reserved 1136640K
  class space    used 12113K, capacity 13026K, committed 13056K, reserved 1048576K
}

Deoptimization events (10 events):
Event: 3660.376 Thread 0x000000001e90c000 Uncommon trap: reason=array_check action=maybe_recompile pc=0x00000000042150ec method=java.util.ComparableTimSort.mergeLo(IIII)V @ 587
Event: 3660.410 Thread 0x000000001e90c000 Uncommon trap: reason=array_check action=maybe_recompile pc=0x0000000003a6f2a4 method=java.util.ComparableTimSort.mergeHi(IIII)V @ 415
Event: 3660.412 Thread 0x000000001e90c000 Uncommon trap: reason=array_check action=maybe_recompile pc=0x0000000003a6f480 method=java.util.ComparableTimSort.mergeHi(IIII)V @ 654
Event: 3660.413 Thread 0x000000001e90c000 Uncommon trap: reason=array_check action=maybe_recompile pc=0x0000000003a6f2a4 method=java.util.ComparableTimSort.mergeHi(IIII)V @ 415
Event: 3660.631 Thread 0x000000001e90c000 Uncommon trap: reason=array_check action=maybe_recompile pc=0x00000000065c62cc method=java.util.ComparableTimSort.mergeHi(IIII)V @ 521
Event: 3660.633 Thread 0x000000001e90c000 Uncommon trap: reason=array_check action=maybe_recompile pc=0x00000000065c62cc method=java.util.ComparableTimSort.mergeHi(IIII)V @ 521
Event: 3660.633 Thread 0x000000001e90c000 Uncommon trap: reason=array_check action=maybe_recompile pc=0x00000000065c9b2c method=java.util.ComparableTimSort.mergeLo(IIII)V @ 133
Event: 3660.633 Thread 0x000000001e90c000 Uncommon trap: reason=array_check action=maybe_recompile pc=0x00000000065c9b2c method=java.util.ComparableTimSort.mergeLo(IIII)V @ 133
Event: 3664.285 Thread 0x000000001e90d800 Uncommon trap: reason=speculate_class_check action=maybe_recompile pc=0x0000000003975394 method=java.nio.charset.CharsetEncoder.reset()Ljava/nio/charset/CharsetEncoder; @ 1
Event: 3664.376 Thread 0x000000001e90a000 Uncommon trap: reason=unstable_if action=reinterpret pc=0x0000000006236f38 method=com.android.build.gradle.internal.transforms.DexArchiveBuilderTransform.lambda$launchProcessing$7(Ljava/nio/file/Path;Lcom/android/build/gradle/internal/transforms/DexArchiv

Classes redefined (0 events):
No events

Internal exceptions (10 events):
Event: 3507.565 Thread 0x000000001e90d000 Exception <a 'java/lang/NoSuchMethodError': <clinit>> (0x00000000e3dfa768) thrown at [D:\src\AOSP-openjdk-cygwin\jdk8u\hotspot\src\share\vm\prims\jni.cpp, line 1614]
Event: 3507.573 Thread 0x000000001e909000 Implicit null exception at 0x00000000033e6a97 to 0x00000000033e6e05
Event: 3507.576 Thread 0x000000001e90d000 Exception <a 'java/lang/NoSuchMethodError': <clinit>> (0x00000000e4369230) thrown at [D:\src\AOSP-openjdk-cygwin\jdk8u\hotspot\src\share\vm\prims\jni.cpp, line 1614]
Event: 3508.575 Thread 0x000000001e816000 Implicit null exception at 0x0000000002a22c54 to 0x0000000002a22ffd
Event: 3508.576 Thread 0x000000001e816000 Implicit null exception at 0x00000000029777d6 to 0x0000000002977b69
Event: 3508.576 Thread 0x000000001e816000 Implicit null exception at 0x00000000064dbb24 to 0x00000000064dbee1
Event: 3509.094 Thread 0x000000001e909000 Exception <a 'sun/nio/fs/WindowsException'> (0x00000000e568eab0) thrown at [D:\src\AOSP-openjdk-cygwin\jdk8u\hotspot\src\share\vm\prims\jni.cpp, line 710]
Event: 3655.511 Thread 0x000000001e814800 Exception <a 'sun/nio/fs/WindowsException'> (0x00000000e82b2680) thrown at [D:\src\AOSP-openjdk-cygwin\jdk8u\hotspot\src\share\vm\prims\jni.cpp, line 710]
Event: 3656.185 Thread 0x000000001e90d000 Implicit null exception at 0x0000000003f2baac to 0x0000000003f2bb19
Event: 3664.425 Thread 0x000000001e90f000 Exception <a 'sun/nio/fs/WindowsException'> (0x00000000ea6ca1b0) thrown at [D:\src\AOSP-openjdk-cygwin\jdk8u\hotspot\src\share\vm\prims\jni.cpp, line 710]

Events (10 events):
Event: 3664.280 Executing VM operation: RevokeBias
Event: 3664.280 Executing VM operation: RevokeBias done
Event: 3664.285 Thread 0x000000001e90d800 Uncommon trap: trap_request=0xffffff76 fr.pc=0x0000000003975394
Event: 3664.285 Thread 0x000000001e90d800 DEOPT PACKING pc=0x0000000003975394 sp=0x0000000025d8c3a0
Event: 3664.285 Thread 0x000000001e90d800 DEOPT UNPACKING pc=0x000000000278557b sp=0x0000000025d8c2f8 mode 2
Event: 3664.300 Thread 0x000000001e916800 Thread added: 0x000000001e916800
Event: 3664.310 Thread 0x000000001e915000 Thread added: 0x000000001e915000
Event: 3664.376 Thread 0x000000001e90a000 Uncommon trap: trap_request=0xffffff65 fr.pc=0x0000000006236f38
Event: 3664.376 Thread 0x000000001e90a000 DEOPT PACKING pc=0x0000000006236f38 sp=0x0000000025e8e5a0
Event: 3664.376 Thread 0x000000001e90a000 DEOPT UNPACKING pc=0x000000000278557b sp=0x0000000025e8e3d0 mode 2


Dynamic libraries:
0x00007ff627db0000 - 0x00007ff627de1000 	C:\Program Files\Android\Android Studio\jre\bin\java.exe
0x00007ffca3f20000 - 0x00007ffca4110000 	C:\WINDOWS\SYSTEM32\ntdll.dll
0x00007ffca3110000 - 0x00007ffca31c2000 	C:\WINDOWS\System32\KERNEL32.DLL
0x00007ffca0eb0000 - 0x00007ffca1153000 	C:\WINDOWS\System32\KERNELBASE.dll
0x00007ffca3890000 - 0x00007ffca3933000 	C:\WINDOWS\System32\ADVAPI32.dll
0x00007ffca2fc0000 - 0x00007ffca305e000 	C:\WINDOWS\System32\msvcrt.dll
0x00007ffca3b10000 - 0x00007ffca3ba7000 	C:\WINDOWS\System32\sechost.dll
0x00007ffca3940000 - 0x00007ffca3a60000 	C:\WINDOWS\System32\RPCRT4.dll
0x00007ffca3250000 - 0x00007ffca33e4000 	C:\WINDOWS\System32\USER32.dll
0x00007ffca1eb0000 - 0x00007ffca1ed1000 	C:\WINDOWS\System32\win32u.dll
0x00007ffca3ae0000 - 0x00007ffca3b06000 	C:\WINDOWS\System32\GDI32.dll
0x00007ffca1b40000 - 0x00007ffca1cd4000 	C:\WINDOWS\System32\gdi32full.dll
0x00007ffca1f30000 - 0x00007ffca1fce000 	C:\WINDOWS\System32\msvcp_win.dll
0x00007ffca19e0000 - 0x00007ffca1ada000 	C:\WINDOWS\System32\ucrtbase.dll
0x00007ffc91bf0000 - 0x00007ffc91e75000 	C:\WINDOWS\WinSxS\amd64_microsoft.windows.common-controls_6595b64144ccf1df_6.0.18362.476_none_e6c4b11b130f2595\COMCTL32.dll
0x00007ffca2440000 - 0x00007ffca2776000 	C:\WINDOWS\System32\combase.dll
0x00007ffca1ce0000 - 0x00007ffca1d60000 	C:\WINDOWS\System32\bcryptPrimitives.dll
0x00007ffca33f0000 - 0x00007ffca341e000 	C:\WINDOWS\System32\IMM32.DLL
0x000000006a9f0000 - 0x000000006aac2000 	C:\Program Files\Android\Android Studio\jre\jre\bin\msvcr100.dll
0x00000000697c0000 - 0x000000006a006000 	C:\Program Files\Android\Android Studio\jre\jre\bin\server\jvm.dll
0x00007ffca3a60000 - 0x00007ffca3a68000 	C:\WINDOWS\System32\PSAPI.DLL
0x00007ffc9f900000 - 0x00007ffc9f90a000 	C:\WINDOWS\SYSTEM32\VERSION.dll
0x00007ffc9eae0000 - 0x00007ffc9eb04000 	C:\WINDOWS\SYSTEM32\WINMM.dll
0x00007ffc9e740000 - 0x00007ffc9e76d000 	C:\WINDOWS\SYSTEM32\WINMMBASE.dll
0x00007ffc92130000 - 0x00007ffc92139000 	C:\WINDOWS\SYSTEM32\WSOCK32.dll
0x00007ffca1ee0000 - 0x00007ffca1f2a000 	C:\WINDOWS\System32\cfgmgr32.dll
0x00007ffca3a70000 - 0x00007ffca3adf000 	C:\WINDOWS\System32\WS2_32.dll
0x00007ffc92120000 - 0x00007ffc9212f000 	C:\Program Files\Android\Android Studio\jre\jre\bin\verify.dll
0x00007ffc88f80000 - 0x00007ffc88fa9000 	C:\Program Files\Android\Android Studio\jre\jre\bin\java.dll
0x00007ffc88ef0000 - 0x00007ffc88f06000 	C:\Program Files\Android\Android Studio\jre\jre\bin\zip.dll
0x00007ffca2780000 - 0x00007ffca2e65000 	C:\WINDOWS\System32\SHELL32.dll
0x00007ffca3d00000 - 0x00007ffca3da9000 	C:\WINDOWS\System32\shcore.dll
0x00007ffca1260000 - 0x00007ffca19de000 	C:\WINDOWS\System32\windows.storage.dll
0x00007ffca0e90000 - 0x00007ffca0eaf000 	C:\WINDOWS\System32\profapi.dll
0x00007ffca0e20000 - 0x00007ffca0e6a000 	C:\WINDOWS\System32\powrprof.dll
0x00007ffca0df0000 - 0x00007ffca0e00000 	C:\WINDOWS\System32\UMPDC.dll
0x00007ffca2e90000 - 0x00007ffca2ee2000 	C:\WINDOWS\System32\shlwapi.dll
0x00007ffca0e00000 - 0x00007ffca0e11000 	C:\WINDOWS\System32\kernel.appcore.dll
0x00007ffca1160000 - 0x00007ffca1177000 	C:\WINDOWS\System32\cryptsp.dll
0x00007ffc85a90000 - 0x00007ffc85aaa000 	C:\Program Files\Android\Android Studio\jre\jre\bin\net.dll
0x00007ffca0660000 - 0x00007ffca06c7000 	C:\WINDOWS\system32\mswsock.dll
0x00007ffc85a70000 - 0x00007ffc85a81000 	C:\Program Files\Android\Android Studio\jre\jre\bin\nio.dll
0x00007ffc94400000 - 0x00007ffc94426000 	C:\Users\Yungts\.gradle\native\29\windows-amd64\native-platform.dll
0x00007ffc88ee0000 - 0x00007ffc88eed000 	C:\Program Files\Android\Android Studio\jre\jre\bin\management.dll
0x00007ffca01d0000 - 0x00007ffca0203000 	C:\WINDOWS\system32\rsaenh.dll
0x00007ffca1230000 - 0x00007ffca1256000 	C:\WINDOWS\System32\bcrypt.dll
0x00007ffca0ce0000 - 0x00007ffca0d05000 	C:\WINDOWS\SYSTEM32\USERENV.dll
0x00007ffca0830000 - 0x00007ffca083c000 	C:\WINDOWS\SYSTEM32\CRYPTBASE.dll
0x00007ffca0370000 - 0x00007ffca03aa000 	C:\WINDOWS\SYSTEM32\IPHLPAPI.DLL
0x00007ffca3bb0000 - 0x00007ffca3bb8000 	C:\WINDOWS\System32\NSI.dll
0x00007ffc92910000 - 0x00007ffc92926000 	C:\WINDOWS\SYSTEM32\dhcpcsvc6.DLL
0x00007ffc92ce0000 - 0x00007ffc92cfc000 	C:\WINDOWS\SYSTEM32\dhcpcsvc.DLL
0x00007ffca03b0000 - 0x00007ffca047a000 	C:\WINDOWS\SYSTEM32\DNSAPI.dll

VM Arguments:
jvm_args: -Xmx1536m -Dfile.encoding=GBK -Duser.country=US -Duser.language=en -Duser.variant 
java_command: org.gradle.launcher.daemon.bootstrap.GradleDaemon 5.4.1
java_class_path (initial): C:\Users\Yungts\.gradle\wrapper\dists\gradle-5.4.1-all\3221gyojl5jsh0helicew7rwx\gradle-5.4.1\lib\gradle-launcher-5.4.1.jar
Launcher Type: SUN_STANDARD

Environment Variables:
PATH=C:\ProgramData\Oracle\Java\javapath;C:\Program Files (x86)\Intel\iCLS Client\;C:\Program Files\Intel\iCLS Client\;C:\Windows\system32;C:\Windows;C:\Windows\System32\Wbem;C:\Windows\System32\WindowsPowerShell\v1.0\;C:\Program Files (x86)\Intel\Intel(R) Management Engine Components\DAL;C:\Program Files\Intel\Intel(R) Management Engine Components\DAL;C:\Program Files (x86)\Intel\Intel(R) Management Engine Components\IPT;C:\Program Files\Intel\Intel(R) Management Engine Components\IPT;C:\Program Files (x86)\NVIDIA Corporation\PhysX\Common;C:\WINDOWS\system32;C:\WINDOWS;C:\WINDOWS\System32\Wbem;C:\WINDOWS\System32\WindowsPowerShell\v1.0\;C:\WINDOWS\System32\OpenSSH\;C:\Program Files\nodejs\;C:\Program Files (x86)\GtkSharp\2.12\bin;C:\Program Files\Microsoft SQL Server\130\Tools\Binn\;D:\PuTTy\;C:\MinGW\bin;C:\MinGW\MSYS\1.0\bin;C:\Program Files\Git\cmd;C:\Program Files\dotnet\;C:\Users\Yungts\AppData\Local\Microsoft\WindowsApps;C:\Users\Yungts\AppData\Roaming\npm;C:\Users\Yungts\AppData\Local\Programs\Microsoft VS Code\bin;C:\Users\Yungts\AppData\Local\Programs\Fiddler;C:\MinGW\bin;C:\Users\Yungts\AppData\Local\Microsoft\WindowsApps;C:\Users\Yungts\AppData\Local\GitHubDesktop\bin
USERNAME=Yungts
OS=Windows_NT
PROCESSOR_IDENTIFIER=Intel64 Family 6 Model 78 Stepping 3, GenuineIntel



---------------  S Y S T E M  ---------------

OS: Windows 10.0 , 64 bit Build 18362 (10.0.18362.329)

CPU:total 4 (initial active 4) (2 cores per cpu, 2 threads per core) family 6 model 78 stepping 3, cmov, cx8, fxsr, mmx, sse, sse2, sse3, ssse3, sse4.1, sse4.2, popcnt, avx, avx2, aes, clmul, erms, 3dnowpref, lzcnt, ht, tsc, tscinvbit, bmi1, bmi2, adx

Memory: 4k page, physical 12494752k(732320k free), swap 12494752k(3900k free)

vm_info: OpenJDK 64-Bit Server VM (25.202-b03) for windows-amd64 JRE (1.8.0_202-release-1483-b03), built by "builder" with MS VC++ 10.0 (VS2010)

time: Thu Nov 28 22:35:52 2019
timezone: Malay Peninsula Standard Time
elapsed time: 3664 seconds (0d 1h 1m 4s)

